<?xml version="1.0" encoding="UTF-8"?>
<testng-results ignored="0" total="1" passed="1" failed="0" skipped="0">
  <reporter-output>
  </reporter-output>
  <suite started-at="2024-01-23T22:40:35 IST" name="Default suite" finished-at="2024-01-23T22:40:37 IST" duration-ms="2593">
    <groups>
    </groups>
    <test started-at="2024-01-23T22:40:35 IST" name="Default test" finished-at="2024-01-23T22:40:37 IST" duration-ms="2593">
      <class name="com.simplilearn.restassuredtest.RestAssured_assignment006.LogoutRequestTest">
        <test-method signature="testLogoutEndpoint()[pri:0, instance:com.simplilearn.restassuredtest.RestAssured_assignment006.LogoutRequestTest@3ee37e5a]" started-at="2024-01-23T22:40:35 IST" name="testLogoutEndpoint" description="Test with logout scemario" finished-at="2024-01-23T22:40:37 IST" duration-ms="2563" status="PASS">
          <reporter-output>
          </reporter-output>
        </test-method> <!-- testLogoutEndpoint -->
      </class> <!-- com.simplilearn.restassuredtest.RestAssured_assignment006.LogoutRequestTest -->
    </test> <!-- Default test -->
  </suite> <!-- Default suite -->
</testng-results>
